Determining if the C compiler works failed with the following output:
Change Dir: C:/Users/Madera/esp-worksplace/a2dp_sink/build/CMakeFiles/CMakeTmp

Run Build Command(s):C:/Users/Madera/.espressif/tools/ninja/1.10.2/ninja.exe cmTC_a10cc && [1/2] Building C object CMakeFiles/cmTC_a10cc.dir/testCCompiler.c.obj
[2/2] Linking C executable cmTC_a10cc.exe
FAILED: cmTC_a10cc.exe 
cmd.exe /C "cd . && C:\Users\Madera\.espressif\tools\xtensa-esp32-elf\esp-2021r1-8.4.0\xtensa-esp32-elf\bin\xtensa-esp32-elf-gcc.exe    CMakeFiles/cmTC_a10cc.dir/testCCompiler.c.obj  -o cmTC_a10cc.exe -Wl,--out-implib,libcmTC_a10cc.dll.a -Wl,--major-image-version,0,--minor-image-version,0   && cd ."
c:/users/madera/.espressif/tools/xtensa-esp32-elf/esp-2021r1-8.4.0/xtensa-esp32-elf/bin/../lib/gcc/xtensa-esp32-elf/8.4.0/../../../../xtensa-esp32-elf/bin/ld.exe: unrecognized option '--major-image-version'
c:/users/madera/.espressif/tools/xtensa-esp32-elf/esp-2021r1-8.4.0/xtensa-esp32-elf/bin/../lib/gcc/xtensa-esp32-elf/8.4.0/../../../../xtensa-esp32-elf/bin/ld.exe: use the --help option for usage information
collect2.exe: error: ld returned 1 exit status
ninja: build stopped: subcommand failed.



Determining if the C compiler works failed with the following output:
Change Dir: C:/Users/Madera/esp-worksplace/a2dp_sink/build/CMakeFiles/CMakeTmp

Run Build Command(s):C:/Users/Madera/.espressif/tools/ninja/1.10.2/ninja.exe cmTC_38a76 && [1/2] Building C object CMakeFiles/cmTC_38a76.dir/testCCompiler.c.obj
[2/2] Linking C executable cmTC_38a76.exe
FAILED: cmTC_38a76.exe 
cmd.exe /C "cd . && C:\Users\Madera\.espressif\tools\xtensa-esp32-elf\esp-2021r1-8.4.0\xtensa-esp32-elf\bin\xtensa-esp32-elf-gcc.exe    CMakeFiles/cmTC_38a76.dir/testCCompiler.c.obj  -o cmTC_38a76.exe -Wl,--out-implib,libcmTC_38a76.dll.a -Wl,--major-image-version,0,--minor-image-version,0   && cd ."
c:/users/madera/.espressif/tools/xtensa-esp32-elf/esp-2021r1-8.4.0/xtensa-esp32-elf/bin/../lib/gcc/xtensa-esp32-elf/8.4.0/../../../../xtensa-esp32-elf/bin/ld.exe: unrecognized option '--major-image-version'
c:/users/madera/.espressif/tools/xtensa-esp32-elf/esp-2021r1-8.4.0/xtensa-esp32-elf/bin/../lib/gcc/xtensa-esp32-elf/8.4.0/../../../../xtensa-esp32-elf/bin/ld.exe: use the --help option for usage information
collect2.exe: error: ld returned 1 exit status
ninja: build stopped: subcommand failed.



